<?xml version="1.0" encoding="UTF-8"?>
<!-- Generated by org.testng.reporters.JUnitReportReporter -->
<testsuite hostname="USM-2F-Desk2" failures="0" tests="1" name="Allheaders" time="2.943" errors="0" timestamp="20 Oct 2022 12:15:25 GMT" skipped="0">
  <testcase classname="Allheaders" name="getheaders" time="2.943"/>
</testsuite> <!-- Allheaders -->
