<?xml version="1.0" encoding="UTF-8"?>
<!-- Generated by org.testng.reporters.JUnitReportReporter -->
<testsuite hostname="USM-2F-Desk2" failures="0" tests="1" name="Tc003get" time="1.759" errors="0" timestamp="2022-07-04T14:49:58 IST" skipped="0">
  <testcase classname="Tc003get" name="google" time="1.759"/>
  <system-out/>
</testsuite> <!-- Tc003get -->
