<?xml version="1.0" encoding="UTF-8"?>
<!-- Generated by org.testng.reporters.JUnitReportReporter -->
<testsuite hostname="USM-2F-Desk2" failures="0" tests="1" name="Allheaders" time="1.797" errors="0" timestamp="2022-07-04T15:18:49 IST" skipped="0">
  <testcase classname="Allheaders" name="getheaders" time="1.797"/>
  <system-out/>
</testsuite> <!-- Allheaders -->
