<?xml version="1.0" encoding="UTF-8"?>
<!-- Generated by org.testng.reporters.JUnitReportReporter -->
<testsuite hostname="USM-2F-Desk2" failures="0" tests="1" name="Tc001GetReq" time="2.416" errors="0" timestamp="2022-07-04T10:34:11 IST" skipped="0">
  <testcase classname="Tc001GetReq" name="getweatherDetails" time="2.416"/>
  <system-out/>
</testsuite> <!-- Tc001GetReq -->
