<?xml version="1.0" encoding="UTF-8"?>
<!-- Generated by org.testng.reporters.JUnitReportReporter -->
<testsuite hostname="USM-2F-Desk2" failures="0" tests="4" name="datadriventesting.datadriventest_Addnewemployees" time="3.526" errors="0" timestamp="03 Aug 2022 07:37:47 GMT" skipped="0">
  <testcase classname="datadriventesting.datadriventest_Addnewemployees" name="postnewEmployees" time="1.971"/>
  <testcase classname="datadriventesting.datadriventest_Addnewemployees" name="postnewEmployees" time="0.509"/>
  <testcase classname="datadriventesting.datadriventest_Addnewemployees" name="postnewEmployees" time="0.517"/>
  <testcase classname="datadriventesting.datadriventest_Addnewemployees" name="postnewEmployees" time="0.529"/>
</testsuite> <!-- datadriventesting.datadriventest_Addnewemployees -->
