<?xml version="1.0" encoding="UTF-8"?>
<!-- Generated by org.testng.reporters.JUnitReportReporter -->
<testsuite hostname="USM-2F-Desk2" failures="0" tests="1" name="Tc001GetReq" time="2.536" errors="0" timestamp="20 Oct 2022 12:28:02 GMT" skipped="0">
  <testcase classname="Tc001GetReq" name="getweatherDetails" time="2.536"/>
</testsuite> <!-- Tc001GetReq -->
