<?xml version="1.0" encoding="UTF-8"?>
<!-- Generated by org.testng.reporters.JUnitReportReporter -->
<testsuite hostname="USM-2F-Desk2" failures="0" tests="1" name="Tc002post" time="1.880" errors="0" timestamp="2022-07-04T12:48:05 IST" skipped="0">
  <testcase classname="Tc002post" name="postrequest" time="1.880"/>
  <system-out/>
</testsuite> <!-- Tc002post -->
